<?xml version="1.0" encoding="UTF-8"?>
<!-- Generated by org.testng.reporters.JUnitReportReporter -->
<testsuite hostname="LAPTOP-NVUVQA1O" failures="0" tests="1" name="pac.FBJava" time="4.415" errors="0" timestamp="2022-08-02T12:12:08 IST" skipped="0">
  <testcase classname="pac.FBJava" name="test1" time="4.415"/>
  <system-out/>
</testsuite> <!-- pac.FBJava -->
